Release 14.7 - xst P.20131013 (nt64)
Copyright (c) 1995-2013 Xilinx, Inc.  All rights reserved.
--> Parameter TMPDIR set to xst/projnav.tmp


Total REAL time to Xst completion: 0.00 secs
Total CPU time to Xst completion: 0.14 secs
 
--> Parameter xsthdpdir set to xst


Total REAL time to Xst completion: 0.00 secs
Total CPU time to Xst completion: 0.14 secs
 
--> Reading design: CLAsche.prj

TABLE OF CONTENTS
  1) Synthesis Options Summary
  2) HDL Compilation
  3) Design Hierarchy Analysis
  4) HDL Analysis
  5) HDL Synthesis
     5.1) HDL Synthesis Report
  6) Advanced HDL Synthesis
     6.1) Advanced HDL Synthesis Report
  7) Low Level Synthesis
  8) Partition Report
  9) Final Report
	9.1) Device utilization summary
	9.2) Partition Resource Summary
	9.3) TIMING REPORT


=========================================================================
*                      Synthesis Options Summary                        *
=========================================================================
---- Source Parameters
Input File Name                    : "CLAsche.prj"
Input Format                       : mixed
Ignore Synthesis Constraint File   : NO

---- Target Parameters
Output File Name                   : "CLAsche"
Output Format                      : NGC
Target Device                      : xc3s100e-4-tq144

---- Source Options
Top Module Name                    : CLAsche
Automatic FSM Extraction           : YES
FSM Encoding Algorithm             : Auto
Safe Implementation                : No
FSM Style                          : LUT
RAM Extraction                     : Yes
RAM Style                          : Auto
ROM Extraction                     : Yes
Mux Style                          : Auto
Decoder Extraction                 : YES
Priority Encoder Extraction        : Yes
Shift Register Extraction          : YES
Logical Shifter Extraction         : YES
XOR Collapsing                     : YES
ROM Style                          : Auto
Mux Extraction                     : Yes
Resource Sharing                   : YES
Asynchronous To Synchronous        : NO
Multiplier Style                   : Auto
Automatic Register Balancing       : No

---- Target Options
Add IO Buffers                     : YES
Global Maximum Fanout              : 100000
Add Generic Clock Buffer(BUFG)     : 24
Register Duplication               : YES
Slice Packing                      : YES
Optimize Instantiated Primitives   : NO
Use Clock Enable                   : Yes
Use Synchronous Set                : Yes
Use Synchronous Reset              : Yes
Pack IO Registers into IOBs        : Auto
Equivalent register Removal        : YES

---- General Options
Optimization Goal                  : Speed
Optimization Effort                : 1
Keep Hierarchy                     : No
Netlist Hierarchy                  : As_Optimized
RTL Output                         : Yes
Global Optimization                : AllClockNets
Read Cores                         : YES
Write Timing Constraints           : NO
Cross Clock Analysis               : NO
Hierarchy Separator                : /
Bus Delimiter                      : <>
Case Specifier                     : Maintain
Slice Utilization Ratio            : 100
BRAM Utilization Ratio             : 100
Verilog 2001                       : YES
Auto BRAM Packing                  : NO
Slice Utilization Ratio Delta      : 5

=========================================================================


=========================================================================
*                          HDL Compilation                              *
=========================================================================
Compiling verilog file "CLAs.vf" in library work
Compiling verilog file "CLAsche.vf" in library work
Module <CLAs> compiled
Module <CLAs_MUSER_CLAsche> compiled
Module <CLAsche> compiled
No errors in compilation
Analysis of file <"CLAsche.prj"> succeeded.
 

=========================================================================
*                     Design Hierarchy Analysis                         *
=========================================================================
Analyzing hierarchy for module <CLAsche> in library <work>.

Analyzing hierarchy for module <CLAs_MUSER_CLAsche> in library <work>.


=========================================================================
*                            HDL Analysis                               *
=========================================================================
Analyzing top module <CLAsche>.
Module <CLAsche> is correct for synthesis.
 
Analyzing module <CLAs_MUSER_CLAsche> in library <work>.
Module <CLAs_MUSER_CLAsche> is correct for synthesis.
 

=========================================================================
*                           HDL Synthesis                               *
=========================================================================

Performing bidirectional port resolution...

Synthesizing Unit <CLAs_MUSER_CLAsche>.
    Related source file is "CLAsche.vf".
Unit <CLAs_MUSER_CLAsche> synthesized.


Synthesizing Unit <CLAsche>.
    Related source file is "CLAsche.vf".
Unit <CLAsche> synthesized.


=========================================================================
HDL Synthesis Report

Found no macro
=========================================================================

=========================================================================
*                       Advanced HDL Synthesis                          *
=========================================================================


=========================================================================
Advanced HDL Synthesis Report

Found no macro
=========================================================================

=========================================================================
*                         Low Level Synthesis                           *
=========================================================================

Optimizing unit <CLAsche> ...

Optimizing unit <CLAs_MUSER_CLAsche> ...

Mapping all equations...
Building and optimizing final netlist ...
Found area constraint ratio of 100 (+ 5) on block CLAsche, actual ratio is 0.

Final Macro Processing ...

=========================================================================
Final Register Report

Found no macro
=========================================================================

=========================================================================
*                           Partition Report                            *
=========================================================================

Partition Implementation Status
-------------------------------

  No Partitions were found in this design.

-------------------------------

=========================================================================
*                            Final Report                               *
=========================================================================
Final Results
RTL Top Level Output File Name     : CLAsche.ngr
Top Level Output File Name         : CLAsche
Output Format                      : NGC
Optimization Goal                  : Speed
Keep Hierarchy                     : No

Design Statistics
# IOs                              : 47

Cell Usage :
# BELS                             : 105
#      AND2                        : 30
#      AND3                        : 10
#      AND4                        : 5
#      OR2                         : 5
#      OR3                         : 5
#      OR4                         : 5
#      XOR2                        : 45
# IO Buffers                       : 47
#      IBUF                        : 31
#      OBUF                        : 16
=========================================================================

Device utilization summary:
---------------------------

Selected Device : 3s100etq144-4 

 Number of Slices:                        0  out of    960     0%  
 Number of IOs:                          47
 Number of bonded IOBs:                  47  out of    108    43%  

---------------------------
Partition Resource Summary:
---------------------------

  No Partitions were found in this design.

---------------------------


=========================================================================
TIMING REPORT

NOTE: THESE TIMING NUMBERS ARE ONLY A SYNTHESIS ESTIMATE.
      FOR ACCURATE TIMING INFORMATION PLEASE REFER TO THE TRACE REPORT
      GENERATED AFTER PLACE-and-ROUTE.

Clock Information:
------------------
No clock signals found in this design

Asynchronous Control Signals Information:
----------------------------------------
No asynchronous control signals found in this design

Timing Summary:
---------------
Speed Grade: -4

   Minimum period: No path found
   Minimum input arrival time before clock: No path found
   Maximum output required time after clock: No path found
   Maximum combinational path delay: 21.095ns

Timing Detail:
--------------
All values displayed in nanoseconds (ns)

=========================================================================
Timing constraint: Default path analysis
  Total number of paths / destination ports: 1111 / 16
-------------------------------------------------------------------------
Delay:               21.095ns (Levels of Logic = 15)
  Source:            ADDSUB (PAD)
  Destination:       C13 (PAD)

  Data Path: ADDSUB to C13
                                Gate     Net
    Cell:in->out      fanout   Delay   Delay  Logical Name (Net Name)
    ----------------------------------------  ------------
     IBUF:I->O            19   1.218   1.085  ADDSUB_IBUF (ADDSUB_IBUF)
     XOR2:I0->O            2   0.704   0.447  XLXI_59 (XLXN_164)
     XOR2:I0->O            5   0.704   0.633  XLXI_7 (XLXN_111)
     AND3:I1->O            1   0.704   0.420  XLXI_1/XLXI_4 (XLXI_1/XLXN_42)
     OR4:I2->O             4   0.704   0.587  XLXI_1/XLXI_10 (XLXN_94)
     AND4:I3->O            1   0.704   0.420  XLXI_12/XLXI_6 (XLXI_12/XLXN_43)
     OR4:I3->O             4   0.704   0.587  XLXI_12/XLXI_10 (XLXN_74)
     AND4:I3->O            1   0.704   0.420  XLXI_19/XLXI_6 (XLXI_19/XLXN_43)
     OR4:I3->O             4   0.704   0.587  XLXI_19/XLXI_10 (XLXN_72)
     AND4:I3->O            1   0.704   0.420  XLXI_26/XLXI_6 (XLXI_26/XLXN_43)
     OR4:I3->O             4   0.704   0.587  XLXI_26/XLXI_10 (XLXN_126)
     AND2:I1->O            1   0.704   0.420  XLXI_33/XLXI_1 (XLXI_33/XLXN_4)
     OR2:I1->O             1   0.704   0.420  XLXI_33/XLXI_8 (XLXN_125)
     XOR2:I1->O            1   0.704   0.420  XLXI_53 (C13_OBUF)
     OBUF:I->O                 3.272          C13_OBUF (C13)
    ----------------------------------------
    Total                     21.095ns (13.642ns logic, 7.453ns route)
                                       (64.7% logic, 35.3% route)

=========================================================================


Total REAL time to Xst completion: 4.00 secs
Total CPU time to Xst completion: 4.33 secs
 
--> 

Total memory usage is 4513476 kilobytes

Number of errors   :    0 (   0 filtered)
Number of warnings :    0 (   0 filtered)
Number of infos    :    0 (   0 filtered)

