Release 14.7 - xst P.20131013 (nt64)
Copyright (c) 1995-2013 Xilinx, Inc.  All rights reserved.
--> Parameter TMPDIR set to xst/projnav.tmp


Total REAL time to Xst completion: 0.00 secs
Total CPU time to Xst completion: 0.19 secs
 
--> Parameter xsthdpdir set to xst


Total REAL time to Xst completion: 0.00 secs
Total CPU time to Xst completion: 0.19 secs
 
--> Reading design: asdasd.prj

TABLE OF CONTENTS
  1) Synthesis Options Summary
  2) HDL Compilation
  3) Design Hierarchy Analysis
  4) HDL Analysis
  5) HDL Synthesis
     5.1) HDL Synthesis Report
  6) Advanced HDL Synthesis
     6.1) Advanced HDL Synthesis Report
  7) Low Level Synthesis
  8) Partition Report
  9) Final Report
	9.1) Device utilization summary
	9.2) Partition Resource Summary
	9.3) TIMING REPORT


=========================================================================
*                      Synthesis Options Summary                        *
=========================================================================
---- Source Parameters
Input File Name                    : "asdasd.prj"
Input Format                       : mixed
Ignore Synthesis Constraint File   : NO

---- Target Parameters
Output File Name                   : "asdasd"
Output Format                      : NGC
Target Device                      : xc3s100e-4-tq144

---- Source Options
Top Module Name                    : asdasd
Automatic FSM Extraction           : YES
FSM Encoding Algorithm             : Auto
Safe Implementation                : No
FSM Style                          : LUT
RAM Extraction                     : Yes
RAM Style                          : Auto
ROM Extraction                     : Yes
Mux Style                          : Auto
Decoder Extraction                 : YES
Priority Encoder Extraction        : Yes
Shift Register Extraction          : YES
Logical Shifter Extraction         : YES
XOR Collapsing                     : YES
ROM Style                          : Auto
Mux Extraction                     : Yes
Resource Sharing                   : YES
Asynchronous To Synchronous        : NO
Multiplier Style                   : Auto
Automatic Register Balancing       : No

---- Target Options
Add IO Buffers                     : YES
Global Maximum Fanout              : 100000
Add Generic Clock Buffer(BUFG)     : 24
Register Duplication               : YES
Slice Packing                      : YES
Optimize Instantiated Primitives   : NO
Use Clock Enable                   : Yes
Use Synchronous Set                : Yes
Use Synchronous Reset              : Yes
Pack IO Registers into IOBs        : Auto
Equivalent register Removal        : YES

---- General Options
Optimization Goal                  : Speed
Optimization Effort                : 1
Keep Hierarchy                     : No
Netlist Hierarchy                  : As_Optimized
RTL Output                         : Yes
Global Optimization                : AllClockNets
Read Cores                         : YES
Write Timing Constraints           : NO
Cross Clock Analysis               : NO
Hierarchy Separator                : /
Bus Delimiter                      : <>
Case Specifier                     : Maintain
Slice Utilization Ratio            : 100
BRAM Utilization Ratio             : 100
Verilog 2001                       : YES
Auto BRAM Packing                  : NO
Slice Utilization Ratio Delta      : 5

=========================================================================


=========================================================================
*                          HDL Compilation                              *
=========================================================================
Compiling verilog file "FAs.vf" in library work
Compiling verilog file "asdasd.vf" in library work
Module <FAs> compiled
Module <FAs_MUSER_asdasd> compiled
Module <asdasd> compiled
No errors in compilation
Analysis of file <"asdasd.prj"> succeeded.
 

=========================================================================
*                     Design Hierarchy Analysis                         *
=========================================================================
Analyzing hierarchy for module <asdasd> in library <work>.

Analyzing hierarchy for module <FAs_MUSER_asdasd> in library <work>.


=========================================================================
*                            HDL Analysis                               *
=========================================================================
Analyzing top module <asdasd>.
Module <asdasd> is correct for synthesis.
 
Analyzing module <FAs_MUSER_asdasd> in library <work>.
Module <FAs_MUSER_asdasd> is correct for synthesis.
 

=========================================================================
*                           HDL Synthesis                               *
=========================================================================

Performing bidirectional port resolution...

Synthesizing Unit <FAs_MUSER_asdasd>.
    Related source file is "asdasd.vf".
Unit <FAs_MUSER_asdasd> synthesized.


Synthesizing Unit <asdasd>.
    Related source file is "asdasd.vf".
Unit <asdasd> synthesized.


=========================================================================
HDL Synthesis Report

Found no macro
=========================================================================

=========================================================================
*                       Advanced HDL Synthesis                          *
=========================================================================


=========================================================================
Advanced HDL Synthesis Report

Found no macro
=========================================================================

=========================================================================
*                         Low Level Synthesis                           *
=========================================================================

Optimizing unit <asdasd> ...

Mapping all equations...
Building and optimizing final netlist ...
Found area constraint ratio of 100 (+ 5) on block asdasd, actual ratio is 0.

Final Macro Processing ...

=========================================================================
Final Register Report

Found no macro
=========================================================================

=========================================================================
*                           Partition Report                            *
=========================================================================

Partition Implementation Status
-------------------------------

  No Partitions were found in this design.

-------------------------------

=========================================================================
*                            Final Report                               *
=========================================================================
Final Results
RTL Top Level Output File Name     : asdasd.ngr
Top Level Output File Name         : asdasd
Output Format                      : NGC
Optimization Goal                  : Speed
Keep Hierarchy                     : No

Design Statistics
# IOs                              : 47

Cell Usage :
# BELS                             : 90
#      AND2                        : 30
#      OR2                         : 15
#      XOR2                        : 45
# IO Buffers                       : 47
#      IBUF                        : 31
#      OBUF                        : 16
=========================================================================

Device utilization summary:
---------------------------

Selected Device : 3s100etq144-4 

 Number of Slices:                        0  out of    960     0%  
 Number of IOs:                          47
 Number of bonded IOBs:                  47  out of    108    43%  

---------------------------
Partition Resource Summary:
---------------------------

  No Partitions were found in this design.

---------------------------


=========================================================================
TIMING REPORT

NOTE: THESE TIMING NUMBERS ARE ONLY A SYNTHESIS ESTIMATE.
      FOR ACCURATE TIMING INFORMATION PLEASE REFER TO THE TRACE REPORT
      GENERATED AFTER PLACE-and-ROUTE.

Clock Information:
------------------
No clock signals found in this design

Asynchronous Control Signals Information:
----------------------------------------
No asynchronous control signals found in this design

Timing Summary:
---------------
Speed Grade: -4

   Minimum period: No path found
   Minimum input arrival time before clock: No path found
   Maximum output required time after clock: No path found
   Maximum combinational path delay: 41.941ns

Timing Detail:
--------------
All values displayed in nanoseconds (ns)

=========================================================================
Timing constraint: Default path analysis
  Total number of paths / destination ports: 781 / 16
-------------------------------------------------------------------------
Delay:               41.941ns (Levels of Logic = 34)
  Source:            ADDSUB (PAD)
  Destination:       OVF (PAD)

  Data Path: ADDSUB to OVF
                                Gate     Net
    Cell:in->out      fanout   Delay   Delay  Logical Name (Net Name)
    ----------------------------------------  ------------
     IBUF:I->O            17   1.218   1.051  ADDSUB_IBUF (ADDSUB_IBUF)
     XOR2:I0->O            2   0.704   0.447  XLXI_6 (XLXN_1)
     XOR2:I0->O            2   0.704   0.447  XLXI_92/XLXI_1 (XLXI_92/XLXN_1)
     AND2:I1->O            1   0.704   0.420  XLXI_92/XLXI_3 (XLXI_92/XLXN_6)
     OR2:I1->O             2   0.704   0.447  XLXI_92/XLXI_5 (XLXN_64)
     AND2:I0->O            1   0.704   0.420  XLXI_89/XLXI_3 (XLXI_89/XLXN_6)
     OR2:I1->O             2   0.704   0.447  XLXI_89/XLXI_5 (XLXN_66)
     AND2:I0->O            1   0.704   0.420  XLXI_87/XLXI_3 (XLXI_87/XLXN_6)
     OR2:I1->O             2   0.704   0.447  XLXI_87/XLXI_5 (XLXN_68)
     AND2:I0->O            1   0.704   0.420  XLXI_86/XLXI_3 (XLXI_86/XLXN_6)
     OR2:I1->O             2   0.704   0.447  XLXI_86/XLXI_5 (XLXN_70)
     AND2:I0->O            1   0.704   0.420  XLXI_85/XLXI_3 (XLXI_85/XLXN_6)
     OR2:I1->O             2   0.704   0.447  XLXI_85/XLXI_5 (XLXN_81)
     AND2:I0->O            1   0.704   0.420  XLXI_84/XLXI_3 (XLXI_84/XLXN_6)
     OR2:I1->O             2   0.704   0.447  XLXI_84/XLXI_5 (XLXN_30)
     AND2:I0->O            1   0.704   0.420  XLXI_82/XLXI_3 (XLXI_82/XLXN_6)
     OR2:I1->O             2   0.704   0.447  XLXI_82/XLXI_5 (XLXN_83)
     AND2:I0->O            1   0.704   0.420  XLXI_93/XLXI_3 (XLXI_93/XLXN_6)
     OR2:I1->O             2   0.704   0.447  XLXI_93/XLXI_5 (XLXN_85)
     AND2:I0->O            1   0.704   0.420  XLXI_95/XLXI_3 (XLXI_95/XLXN_6)
     OR2:I1->O             2   0.704   0.447  XLXI_95/XLXI_5 (XLXN_89)
     AND2:I0->O            1   0.704   0.420  XLXI_96/XLXI_3 (XLXI_96/XLXN_6)
     OR2:I1->O             2   0.704   0.447  XLXI_96/XLXI_5 (XLXN_91)
     AND2:I0->O            1   0.704   0.420  XLXI_97/XLXI_3 (XLXI_97/XLXN_6)
     OR2:I1->O             2   0.704   0.447  XLXI_97/XLXI_5 (XLXN_93)
     AND2:I0->O            1   0.704   0.420  XLXI_98/XLXI_3 (XLXI_98/XLXN_6)
     OR2:I1->O             2   0.704   0.447  XLXI_98/XLXI_5 (XLXN_96)
     AND2:I0->O            1   0.704   0.420  XLXI_99/XLXI_3 (XLXI_99/XLXN_6)
     OR2:I1->O             2   0.704   0.447  XLXI_99/XLXI_5 (XLXN_98)
     AND2:I0->O            1   0.704   0.420  XLXI_100/XLXI_3 (XLXI_100/XLXN_6)
     OR2:I1->O             2   0.704   0.447  XLXI_100/XLXI_5 (XLXN_101)
     AND2:I0->O            1   0.704   0.420  XLXI_101/XLXI_3 (XLXI_101/XLXN_6)
     OR2:I1->O             1   0.704   0.420  XLXI_101/XLXI_5 (OVF_OBUF)
     OBUF:I->O                 3.272          OVF_OBUF (OVF)
    ----------------------------------------
    Total                     41.941ns (27.018ns logic, 14.923ns route)
                                       (64.4% logic, 35.6% route)

=========================================================================


Total REAL time to Xst completion: 4.00 secs
Total CPU time to Xst completion: 4.67 secs
 
--> 

Total memory usage is 4514080 kilobytes

Number of errors   :    0 (   0 filtered)
Number of warnings :    0 (   0 filtered)
Number of infos    :    0 (   0 filtered)

