Running: C:\Xilinx\14.7\ISE_DS\ISE\bin\nt64\unwrapped\fuse.exe -intstyle ise -incremental -lib unisims_ver -lib unimacro_ver -lib xilinxcorelib_ver -o C:/Xilinx/TugcanBarbin_25168_lab2/nolurbit/asdasd_asdasd_sch_tb_isim_beh.exe -prj C:/Xilinx/TugcanBarbin_25168_lab2/nolurbit/asdasd_asdasd_sch_tb_beh.prj work.asdasd_asdasd_sch_tb work.glbl 
ISim P.20131013 (signature 0x7708f090)
Number of CPUs detected in this system: 8
Turning on mult-threading, number of parallel sub-compilation jobs: 16 
Determining compilation order of HDL files
Analyzing Verilog file "C:/Xilinx/TugcanBarbin_25168_lab2/nolurbit/FAs.vf" into library work
Analyzing Verilog file "C:/Xilinx/TugcanBarbin_25168_lab2/nolurbit/asdasd.vf" into library work
Analyzing Verilog file "C:/Xilinx/TugcanBarbin_25168_lab2/nolurbit/asasd.v" into library work
Analyzing Verilog file "C:/Xilinx/TugcanBarbin_25168_lab2/nolurbit/asdasdasdssymb.vf" into library work
Analyzing Verilog file "C:/Xilinx/14.7/ISE_DS/ISE//verilog/src/glbl.v" into library work
Starting static elaboration
Completed static elaboration
Compiling module XOR2
Compiling module AND2
Compiling module OR2
Compiling module FAs_MUSER_asdasd
Compiling module asdasd
Compiling module asdasd_asdasd_sch_tb
Compiling module glbl
Time Resolution for simulation is 1ps.
Compiled 7 Verilog Units
Built simulation executable C:/Xilinx/TugcanBarbin_25168_lab2/nolurbit/asdasd_asdasd_sch_tb_isim_beh.exe
Fuse Memory Usage: 27436 KB
Fuse CPU Usage: 374 ms
