Running: C:\Xilinx\14.7\ISE_DS\ISE\bin\nt64\unwrapped\fuse.exe -intstyle ise -incremental -lib unisims_ver -lib unimacro_ver -lib xilinxcorelib_ver -o C:/Xilinx/14.7/ISE_DS/projects/CLAlab2/CLAsche_CLAsche_sch_tb_isim_beh.exe -prj C:/Xilinx/14.7/ISE_DS/projects/CLAlab2/CLAsche_CLAsche_sch_tb_beh.prj work.CLAsche_CLAsche_sch_tb work.glbl 
ISim P.20131013 (signature 0x7708f090)
Number of CPUs detected in this system: 8
Turning on mult-threading, number of parallel sub-compilation jobs: 16 
Determining compilation order of HDL files
Analyzing Verilog file "C:/Xilinx/14.7/ISE_DS/projects/CLAlab2/CLAs.vf" into library work
Analyzing Verilog file "C:/Xilinx/14.7/ISE_DS/projects/CLAlab2/CLAsche.vf" into library work
Analyzing Verilog file "C:/Xilinx/14.7/ISE_DS/projects/CLAlab2/CLATEST.v" into library work
Analyzing Verilog file "C:/Xilinx/14.7/ISE_DS/ISE//verilog/src/glbl.v" into library work
Starting static elaboration
Completed static elaboration
Compiling module AND2
Compiling module AND3
Compiling module AND4
Compiling module OR2
Compiling module OR3
Compiling module OR4
Compiling module CLAs_MUSER_CLAsche
Compiling module XOR2
Compiling module CLAsche
Compiling module CLAsche_CLAsche_sch_tb
Compiling module glbl
Time Resolution for simulation is 1ps.
Waiting for 1 sub-compilation(s) to finish...
Compiled 11 Verilog Units
Built simulation executable C:/Xilinx/14.7/ISE_DS/projects/CLAlab2/CLAsche_CLAsche_sch_tb_isim_beh.exe
Fuse Memory Usage: 28064 KB
Fuse CPU Usage: 359 ms
