Command line:
   asdasd_asdasd_sch_tb_isim_beh.exe
     -simmode  gui
     -simrunnum  0
     -socket  26572

Tue Dec 15 04:57:47 2020


 Elaboration Time: 0.03125 sec

 Current Memory Usage: 5149.94 Meg

 Total Signals          : 495
 Total Nets             : 134
 Total Signal Drivers   : 126
 Total Blocks           : 108
 Total Primitive Blocks : 91
 Total Processes        : 128
 Total Traceable Variables  : 49
 Total Scalar Nets and Variables : 245
Total Line Count : 110

 Total Simulation Time: 0.078125 sec

 Current Memory Usage: 4992.66 Meg

Tue Dec 15 04:58:55 2020

